<?xml version="1.0" encoding="UTF-8"?>
<!-- Generated by org.testng.reporters.JUnitReportReporter -->
<testsuite skipped="0" hostname="INPUHJPC10986" name="TestPackage.PracticeParallelTest" tests="2" failures="0" timestamp="27 Dec 2018 22:43:52 GMT" time="29.303" errors="0">
  <testcase name="f2" time="9.124" classname="TestPackage.PracticeParallelTest"/>
  <testcase name="f2" time="20.179" classname="TestPackage.PracticeParallelTest"/>
</testsuite> <!-- TestPackage.PracticeParallelTest -->
