<?xml version="1.0" encoding="UTF-8"?>
<!-- Generated by org.testng.reporters.JUnitReportReporter -->
<testsuite skipped="0" hostname="INPUHJPC10986" name="TestPackage.NewTest2" tests="3" failures="0" timestamp="14 Dec 2018 23:18:04 GMT" time="0.012" errors="0">
  <testcase name="f" time="0.001" classname="TestPackage.NewTest2"/>
  <testcase name="f" time="0.001" classname="TestPackage.NewTest2"/>
  <testcase name="f" time="0.010" classname="TestPackage.NewTest2"/>
</testsuite> <!-- TestPackage.NewTest2 -->
