<?xml version="1.0" encoding="UTF-8"?>
<!-- Generated by org.testng.reporters.JUnitReportReporter -->
<testsuite skipped="0" hostname="INPUHJPC10986" name="TestPackage.DataProviderTest" tests="3" failures="0" timestamp="27 Dec 2018 22:54:13 GMT" time="0.011" errors="0">
  <testcase name="f" time="0.008" classname="TestPackage.DataProviderTest"/>
  <testcase name="f" time="0.001" classname="TestPackage.DataProviderTest"/>
  <testcase name="f" time="0.002" classname="TestPackage.DataProviderTest"/>
</testsuite> <!-- TestPackage.DataProviderTest -->
