<?xml version="1.0" encoding="UTF-8"?>
<!-- Generated by org.testng.reporters.JUnitReportReporter -->
<testsuite skipped="0" hostname="INPUHJPC10986" name="TestPackage.NewTest1" tests="1" failures="0" timestamp="14 Dec 2018 23:13:49 GMT" time="0.011" errors="0">
  <testcase name="f" time="0.011" classname="TestPackage.NewTest1"/>
</testsuite> <!-- TestPackage.NewTest1 -->
