<?xml version="1.0" encoding="UTF-8"?>
<!-- Generated by org.testng.reporters.JUnitReportReporter -->
<testsuite skipped="0" hostname="INPUHJPC10986" name="TestPackage.NewTest" tests="1" failures="0" timestamp="27 Dec 2018 22:34:36 GMT" time="16.896" errors="0">
  <testcase name="f2" time="16.896" classname="TestPackage.NewTest"/>
</testsuite> <!-- TestPackage.NewTest -->
