<?xml version="1.0" encoding="UTF-8"?>
<!-- Generated by org.testng.reporters.JUnitReportReporter -->
<testsuite skipped="0" hostname="INPUHJPC10986" name="TestPackage.NewTest" tests="1" failures="0" timestamp="26 Dec 2018 23:40:33 GMT" time="12.666" errors="0">
  <testcase name="f2" time="12.666" classname="TestPackage.NewTest"/>
</testsuite> <!-- TestPackage.NewTest -->
