<?xml version="1.0" encoding="UTF-8"?>
<!-- Generated by org.testng.reporters.JUnitReportReporter -->
<testsuite skipped="1" hostname="INPUHJPC10986" name="TestPackage.testTimeout" tests="2" failures="0" timestamp="26 Dec 2018 20:45:36 GMT" time="2.012" errors="0">
  <testcase name="f2" time="2.012" classname="TestPackage.testTimeout"/>
  <testcase name="f1" classname="TestPackage.testTimeout">
    <skipped/>
  </testcase> <!-- f1 -->
</testsuite> <!-- TestPackage.testTimeout -->
