<?xml version="1.0" encoding="UTF-8"?>
<!-- Generated by org.testng.reporters.JUnitReportReporter -->
<testsuite skipped="0" hostname="Sanket" name="TestPackage.NewTest1" tests="1" failures="0" timestamp="02 Feb 2019 14:03:31 GMT" time="0.016" errors="0">
  <testcase name="f" time="0.016" classname="TestPackage.NewTest1"/>
</testsuite> <!-- TestPackage.NewTest1 -->
