<?xml version="1.0" encoding="UTF-8"?>
<!-- Generated by org.testng.reporters.JUnitReportReporter -->
<testsuite skipped="0" hostname="Sanket" name="TestPackage.DataProviderTest" tests="3" failures="0" timestamp="30 Dec 2018 03:52:49 GMT" time="0.018" errors="0">
  <testcase name="f" time="0.002" classname="TestPackage.DataProviderTest"/>
  <testcase name="f" time="0.014" classname="TestPackage.DataProviderTest"/>
  <testcase name="f" time="0.002" classname="TestPackage.DataProviderTest"/>
</testsuite> <!-- TestPackage.DataProviderTest -->
